F:\GITHUB\AUDIOPLAYER\AUDIOPLAYER\AUDIOPLAYER\DEBUG\AUDIOPLAYER.PCH
F:\GITHUB\AUDIOPLAYER\AUDIOPLAYER\AUDIOPLAYER\DEBUG\STDAFX.OBJ
F:\GITHUB\AUDIOPLAYER\AUDIOPLAYER\AUDIOPLAYER\DEBUG\VC110.PDB
F:\GITHUB\AUDIOPLAYER\AUDIOPLAYER\AUDIOPLAYER\DEBUG\AUDIOPLAYER.OBJ
F:\GITHUB\AUDIOPLAYER\AUDIOPLAYER\AUDIOPLAYER\DEBUG\COREAUDIORENDER.OBJ
F:\GITHUB\AUDIOPLAYER\AUDIOPLAYER\AUDIOPLAYER\DEBUG\AUDIOPLAYERDLG.OBJ
F:\GITHUB\AUDIOPLAYER\AUDIOPLAYER\DEBUG\AUDIOPLAYER.ILK
F:\GITHUB\AUDIOPLAYER\AUDIOPLAYER\DEBUG\AUDIOPLAYER.EXE
F:\GITHUB\AUDIOPLAYER\AUDIOPLAYER\DEBUG\AUDIOPLAYER.PDB
F:\GITHUB\AUDIOPLAYER\AUDIOPLAYER\AUDIOPLAYER\DEBUG\AUDIOPLAYER.RES
F:\github\audioplayer\audioplayer\audioplayer\Debug\audioplayer.obj
F:\github\audioplayer\audioplayer\audioplayer\Debug\audioplayerDlg.obj
F:\github\audioplayer\audioplayer\audioplayer\Debug\coreaudiorender.obj
F:\github\audioplayer\audioplayer\audioplayer\Debug\stdafx.obj
F:\github\audioplayer\audioplayer\audioplayer\Debug\cl.command.1.tlog
F:\github\audioplayer\audioplayer\audioplayer\Debug\CL.read.1.tlog
F:\github\audioplayer\audioplayer\audioplayer\Debug\CL.write.1.tlog
F:\github\audioplayer\audioplayer\audioplayer\Debug\link-cvtres.read.1.tlog
F:\github\audioplayer\audioplayer\audioplayer\Debug\link-cvtres.write.1.tlog
F:\github\audioplayer\audioplayer\audioplayer\Debug\link-mt.read.1.tlog
F:\github\audioplayer\audioplayer\audioplayer\Debug\link-mt.write.1.tlog
F:\github\audioplayer\audioplayer\audioplayer\Debug\link-rc.read.1.tlog
F:\github\audioplayer\audioplayer\audioplayer\Debug\link-rc.write.1.tlog
F:\github\audioplayer\audioplayer\audioplayer\Debug\link.2372-cvtres.read.1.tlog
F:\github\audioplayer\audioplayer\audioplayer\Debug\link.2372-cvtres.write.1.tlog
F:\github\audioplayer\audioplayer\audioplayer\Debug\link.2372-mt.read.1.tlog
F:\github\audioplayer\audioplayer\audioplayer\Debug\link.2372-mt.write.1.tlog
F:\github\audioplayer\audioplayer\audioplayer\Debug\link.2372-rc.read.1.tlog
F:\github\audioplayer\audioplayer\audioplayer\Debug\link.2372-rc.write.1.tlog
F:\github\audioplayer\audioplayer\audioplayer\Debug\link.2372.read.1.tlog
F:\github\audioplayer\audioplayer\audioplayer\Debug\link.2372.write.1.tlog
F:\github\audioplayer\audioplayer\audioplayer\Debug\link.3192-cvtres.read.1.tlog
F:\github\audioplayer\audioplayer\audioplayer\Debug\link.3192-cvtres.write.1.tlog
F:\github\audioplayer\audioplayer\audioplayer\Debug\link.3192-mt.read.1.tlog
F:\github\audioplayer\audioplayer\audioplayer\Debug\link.3192-mt.write.1.tlog
F:\github\audioplayer\audioplayer\audioplayer\Debug\link.3192-rc.read.1.tlog
F:\github\audioplayer\audioplayer\audioplayer\Debug\link.3192-rc.write.1.tlog
F:\github\audioplayer\audioplayer\audioplayer\Debug\link.3192.read.1.tlog
F:\github\audioplayer\audioplayer\audioplayer\Debug\link.3192.write.1.tlog
F:\github\audioplayer\audioplayer\audioplayer\Debug\link.5192-cvtres.read.1.tlog
F:\github\audioplayer\audioplayer\audioplayer\Debug\link.5192-cvtres.write.1.tlog
F:\github\audioplayer\audioplayer\audioplayer\Debug\link.5192-mt.read.1.tlog
F:\github\audioplayer\audioplayer\audioplayer\Debug\link.5192-mt.write.1.tlog
F:\github\audioplayer\audioplayer\audioplayer\Debug\link.5192-rc.read.1.tlog
F:\github\audioplayer\audioplayer\audioplayer\Debug\link.5192-rc.write.1.tlog
F:\github\audioplayer\audioplayer\audioplayer\Debug\link.5192.read.1.tlog
F:\github\audioplayer\audioplayer\audioplayer\Debug\link.5192.write.1.tlog
F:\github\audioplayer\audioplayer\audioplayer\Debug\link.5572-cvtres.read.1.tlog
F:\github\audioplayer\audioplayer\audioplayer\Debug\link.5572-cvtres.write.1.tlog
F:\github\audioplayer\audioplayer\audioplayer\Debug\link.5572-mt.read.1.tlog
F:\github\audioplayer\audioplayer\audioplayer\Debug\link.5572-mt.write.1.tlog
F:\github\audioplayer\audioplayer\audioplayer\Debug\link.5572-rc.read.1.tlog
F:\github\audioplayer\audioplayer\audioplayer\Debug\link.5572-rc.write.1.tlog
F:\github\audioplayer\audioplayer\audioplayer\Debug\link.5572.read.1.tlog
F:\github\audioplayer\audioplayer\audioplayer\Debug\link.5572.write.1.tlog
F:\github\audioplayer\audioplayer\audioplayer\Debug\link.6228-cvtres.read.1.tlog
F:\github\audioplayer\audioplayer\audioplayer\Debug\link.6228-cvtres.write.1.tlog
F:\github\audioplayer\audioplayer\audioplayer\Debug\link.6228-mt.read.1.tlog
F:\github\audioplayer\audioplayer\audioplayer\Debug\link.6228-mt.write.1.tlog
F:\github\audioplayer\audioplayer\audioplayer\Debug\link.6228-rc.read.1.tlog
F:\github\audioplayer\audioplayer\audioplayer\Debug\link.6228-rc.write.1.tlog
F:\github\audioplayer\audioplayer\audioplayer\Debug\link.6228.read.1.tlog
F:\github\audioplayer\audioplayer\audioplayer\Debug\link.6228.write.1.tlog
F:\github\audioplayer\audioplayer\audioplayer\Debug\link.7868-cvtres.read.1.tlog
F:\github\audioplayer\audioplayer\audioplayer\Debug\link.7868-cvtres.write.1.tlog
F:\github\audioplayer\audioplayer\audioplayer\Debug\link.7868-mt.read.1.tlog
F:\github\audioplayer\audioplayer\audioplayer\Debug\link.7868-mt.write.1.tlog
F:\github\audioplayer\audioplayer\audioplayer\Debug\link.7868-rc.read.1.tlog
F:\github\audioplayer\audioplayer\audioplayer\Debug\link.7868-rc.write.1.tlog
F:\github\audioplayer\audioplayer\audioplayer\Debug\link.7868.read.1.tlog
F:\github\audioplayer\audioplayer\audioplayer\Debug\link.7868.write.1.tlog
F:\github\audioplayer\audioplayer\audioplayer\Debug\link.8500-cvtres.read.1.tlog
F:\github\audioplayer\audioplayer\audioplayer\Debug\link.8500-cvtres.write.1.tlog
F:\github\audioplayer\audioplayer\audioplayer\Debug\link.8500-mt.read.1.tlog
F:\github\audioplayer\audioplayer\audioplayer\Debug\link.8500-mt.write.1.tlog
F:\github\audioplayer\audioplayer\audioplayer\Debug\link.8500-rc.read.1.tlog
F:\github\audioplayer\audioplayer\audioplayer\Debug\link.8500-rc.write.1.tlog
F:\github\audioplayer\audioplayer\audioplayer\Debug\link.8500.read.1.tlog
F:\github\audioplayer\audioplayer\audioplayer\Debug\link.8500.write.1.tlog
F:\github\audioplayer\audioplayer\audioplayer\Debug\link.9040-cvtres.read.1.tlog
F:\github\audioplayer\audioplayer\audioplayer\Debug\link.9040-cvtres.write.1.tlog
F:\github\audioplayer\audioplayer\audioplayer\Debug\link.9040-mt.read.1.tlog
F:\github\audioplayer\audioplayer\audioplayer\Debug\link.9040-mt.write.1.tlog
F:\github\audioplayer\audioplayer\audioplayer\Debug\link.9040-rc.read.1.tlog
F:\github\audioplayer\audioplayer\audioplayer\Debug\link.9040-rc.write.1.tlog
F:\github\audioplayer\audioplayer\audioplayer\Debug\link.9040.read.1.tlog
F:\github\audioplayer\audioplayer\audioplayer\Debug\link.9040.write.1.tlog
F:\github\audioplayer\audioplayer\audioplayer\Debug\link.command.1.tlog
F:\github\audioplayer\audioplayer\audioplayer\Debug\link.read.1.tlog
F:\github\audioplayer\audioplayer\audioplayer\Debug\link.write.1.tlog
F:\github\audioplayer\audioplayer\audioplayer\Debug\rc.command.1.tlog
F:\github\audioplayer\audioplayer\audioplayer\Debug\rc.read.1.tlog
F:\github\audioplayer\audioplayer\audioplayer\Debug\rc.write.1.tlog
F:\github\audioplayer\audioplayer\audioplayer\Debug\audioplayer.res
F:\github\audioplayer\audioplayer\audioplayer\Debug\audioplayer.pch
F:\github\audioplayer\audioplayer\audioplayer\Debug\vc110.idb
F:\github\audioplayer\audioplayer\audioplayer\Debug\vc110.pdb
F:\github\audioplayer\audioplayer\Debug\audioplayer.pdb
F:\github\audioplayer\audioplayer\Debug\audioplayer.exe
F:\github\audioplayer\audioplayer\Debug\audioplayer.ilk
