F:\GITHUB\AUDIOPLAYER\AUDIOPLAYER\AUDIOPLAYER\RELEASE\AUDIOPLAYER.PCH
F:\GITHUB\AUDIOPLAYER\AUDIOPLAYER\AUDIOPLAYER\RELEASE\STDAFX.OBJ
F:\GITHUB\AUDIOPLAYER\AUDIOPLAYER\AUDIOPLAYER\RELEASE\VC100.PDB
F:\GITHUB\AUDIOPLAYER\AUDIOPLAYER\AUDIOPLAYER\RELEASE\VC110.PDB
F:\GITHUB\AUDIOPLAYER\AUDIOPLAYER\AUDIOPLAYER\RELEASE\COREAUDIORENDER.OBJ
F:\GITHUB\AUDIOPLAYER\AUDIOPLAYER\AUDIOPLAYER\RELEASE\AUDIOPLAYERDLG.OBJ
F:\GITHUB\AUDIOPLAYER\AUDIOPLAYER\AUDIOPLAYER\RELEASE\AUDIOPLAYER.OBJ
F:\GITHUB\AUDIOPLAYER\AUDIOPLAYER\RELEASE\AUDIOPLAYER.EXE
F:\GITHUB\AUDIOPLAYER\AUDIOPLAYER\AUDIOPLAYER\RELEASE\AUDIOPLAYER.RES
F:\github\audioplayer\audioplayer\audioplayer\Release\audioplayer.obj
F:\github\audioplayer\audioplayer\audioplayer\Release\audioplayerDlg.obj
F:\github\audioplayer\audioplayer\audioplayer\Release\coreaudiorender.obj
F:\github\audioplayer\audioplayer\audioplayer\Release\stdafx.obj
F:\github\audioplayer\audioplayer\audioplayer\Release\audioplayer.write.1.tlog
F:\github\audioplayer\audioplayer\audioplayer\Release\cl.command.1.tlog
F:\github\audioplayer\audioplayer\audioplayer\Release\CL.read.1.tlog
F:\github\audioplayer\audioplayer\audioplayer\Release\CL.write.1.tlog
F:\github\audioplayer\audioplayer\audioplayer\Release\link-cvtres.read.1.tlog
F:\github\audioplayer\audioplayer\audioplayer\Release\link-cvtres.write.1.tlog
F:\github\audioplayer\audioplayer\audioplayer\Release\link-mt.read.1.tlog
F:\github\audioplayer\audioplayer\audioplayer\Release\link-mt.write.1.tlog
F:\github\audioplayer\audioplayer\audioplayer\Release\link-rc.read.1.tlog
F:\github\audioplayer\audioplayer\audioplayer\Release\link-rc.write.1.tlog
F:\github\audioplayer\audioplayer\audioplayer\Release\link.command.1.tlog
F:\github\audioplayer\audioplayer\audioplayer\Release\link.read.1.tlog
F:\github\audioplayer\audioplayer\audioplayer\Release\link.write.1.tlog
F:\github\audioplayer\audioplayer\audioplayer\Release\mt.command.1.tlog
F:\github\audioplayer\audioplayer\audioplayer\Release\mt.read.1.tlog
F:\github\audioplayer\audioplayer\audioplayer\Release\mt.write.1.tlog
F:\github\audioplayer\audioplayer\audioplayer\Release\rc.command.1.tlog
F:\github\audioplayer\audioplayer\audioplayer\Release\rc.read.1.tlog
F:\github\audioplayer\audioplayer\audioplayer\Release\rc.write.1.tlog
F:\github\audioplayer\audioplayer\audioplayer\Release\audioplayer.exe.intermediate.manifest
F:\github\audioplayer\audioplayer\audioplayer\Release\audioplayer.res
F:\github\audioplayer\audioplayer\audioplayer\Release\audioplayer.pch
F:\github\audioplayer\audioplayer\audioplayer\Release\vc100.pdb
F:\github\audioplayer\audioplayer\audioplayer\Release\vc110.pdb
F:\github\audioplayer\audioplayer\Release\audioplayer.pdb
