生成启动时间为 2014/9/19 16:26:54。
     1>项目“F:\github\audioplayer\audioplayer\audioplayer\audioplayer.vcxproj”在节点 2 上(build 个目标)。
     1>InitializeBuildStatus:
         正在创建“Release\audioplayer.unsuccessfulbuild”，因为已指定“AlwaysCreate”。
       ClCompile:
         所有输出均为最新。
         C:\Program Files (x86)\Microsoft Visual Studio 10.0\VC\bin\CL.exe /c /Zi /nologo /W3 /WX- /O2 /Oi /Oy- /GL /D WIN32 /D _WINDOWS /D NDEBUG /D _UNICODE /D UNICODE /D _AFXDLL /Gm- /EHsc /MD /GS /Gy /fp:precise /Zc:wchar_t /Zc:forScope /Yu"StdAfx.h" /Fp"Release\audioplayer.pch" /Fo"Release\\" /Fd"Release\vc100.pdb" /Gd /TP /analyze- /errorReport:prompt coreaudiorender.cpp
         coreaudiorender.cpp
     1>coreaudiorender.cpp(68): warning C4244: “=”: 从“double”转换到“REFERENCE_TIME”，可能丢失数据
       ResourceCompile:
         所有输出均为最新。
       Link:
         C:\Program Files (x86)\Microsoft Visual Studio 10.0\VC\bin\link.exe /ERRORREPORT:PROMPT /OUT:"F:\github\audioplayer\audioplayer\Release\audioplayer.exe" /INCREMENTAL:NO /NOLOGO /MANIFEST /ManifestFile:"Release\audioplayer.exe.intermediate.manifest" /MANIFESTUAC:"level='asInvoker' uiAccess='false'" /DEBUG /PDB:"F:\github\audioplayer\audioplayer\Release\audioplayer.pdb" /SUBSYSTEM:WINDOWS /OPT:REF /OPT:ICF /LTCG /TLBID:1 /ENTRY:"wWinMainCRTStartup" /DYNAMICBASE /NXCOMPAT /IMPLIB:"F:\github\audioplayer\audioplayer\Release\audioplayer.lib" /MACHINE:X86 Release\audioplayer.res
         Release\audioplayer.obj
         Release\audioplayerDlg.obj
         Release\coreaudiorender.obj
         Release\stdafx.obj
         正在生成代码
         已完成代码的生成
         audioplayer.vcxproj -> F:\github\audioplayer\audioplayer\Release\audioplayer.exe
       Manifest:
         C:\Program Files (x86)\Microsoft SDKs\Windows\v7.0A\bin\mt.exe /nologo /verbose /outputresource:"F:\github\audioplayer\audioplayer\Release\audioplayer.exe;#1" /manifest Release\audioplayer.exe.intermediate.manifest "C:\Program Files (x86)\Microsoft Visual Studio 10.0\VC\Include\Manifest\dpiaware.manifest"
       FinalizeBuildStatus:
         正在删除文件“Release\audioplayer.unsuccessfulbuild”。
         正在对“Release\audioplayer.lastbuildstate”执行 Touch 任务。
     1>已完成生成项目“F:\github\audioplayer\audioplayer\audioplayer\audioplayer.vcxproj”(build 个目标)的操作。

生成成功。

已用时间 00:00:01.63
